1----------------------------------------------------------------------------------------------------------------------------------
 ------------------------------                          M U L T A L I G N                          -------------------------------
 ----------------------------------------------------------------------------------------------------------------------------------
 ------------------------------                                 by                                  -------------------------------
 ------------------------------          Geoffrey J. Barton - geoff@compbio.dundee.ac.uk            -------------------------------
 ------------------------------                   http://www.compbio.dundee.ac.uk                   -------------------------------
 ----------------------------------------------------------------------------------------------------------------------------------
 ------------------------------                            Please cite:                             -------------------------------
 ------------------------------      Barton, G. J. (1990) Methods in Enzymology 183, 403-428.       -------------------------------
 ------------------------------                      and also as appropriate:                       -------------------------------
 ----------       Multiple alignment: Barton, G. J. and Sternberg, M. J. E. (1987), J. Mol. Biol., 198, 327-337.        -----------
 ----------        Flexible Patterns: Barton, G. J. and Sternberg, M. J. E. (1990), J. Mol. Biol., 212, 389-402.        -----------
 ----------   Structure Dependent Gap-Penalties: Barton, G. J. and Sternberg, M. J. E. (1987), Prot. Eng., 1, 89-94.    -----------
 ----------------------------------------------------------------------------------------------------------------------------------
 !!!!!!!!!!!!!!!!!!!!                       Copyright (c) Geoffrey J Barton (1987,1997)                       !!!!!!!!!!!!!!!!!!!!!
 ----------------------------------------------------------------------------------------------------------------------------------
 Multalign Version D2.3a - November 2003
 Maximum allowed sequence length =  5000
 Maximum pattern length          =  5000
 Maximum number of sequences     =  5000
 Horizontal format output selected
 ---------------------------------
 ----------------
 matrix file read
 Mutation Data Matrix (250 PAMs)                                                 
 -------------------------------
 Pairwise randomizations defined
 Min:  100 Max:  100 Increment:    1
 Gap penalty :     8.00
 ----------------------
 Constant :    8
 ---------------
 Sequence file : ALDH1A2.pir
 ---------------------------

 Will write alignments to file ALDH1A2_alignment.fasta
 -----------------------------------------------------
  
 PAIRWISE mode has been defined
  
 Checking minimal command set
 ----------------------------
 --------------------------------------------
 No checking currently performed in this mode
 --------------------------------------------
 Commands satisfy this mode..
 ----------------------------
 ------------------------------
 Sequences defined in SEQ file:
 ------------------------------
 Index   Identifier   Length                            Name                            File order     Score     with
     1   >N1;gi|45384517|ref|  3550 Gallus gallus aldehyde dehydrogenase 1 family, member A2 (AL         0      0.00         0
     2   >N1;gi|45384517|ref|    42 Gallus gallus aldehyde dehydrogenase 1 family, member A2 (AL         0      0.00         0
     3   >N1;gi|45384517|ref|    42 Gallus gallus aldehyde dehydrogenase 1 family, member A2 (AL         0      0.00         0
     4   >N1;gi|324983852|gb|  2301 Anser anser aldehyde dehydrogenase 1 family member A2 (ALDH1         0      0.00         0
     5   >N1;gi|324983852|gb|   994 Anser anser aldehyde dehydrogenase 1 family member A2 (ALDH1         0      0.00         0
     6   >N1;gi|326926566|ref  1819 PREDICTED: Meleagris gallopavo retinal dehydrogenase 2-like          0      0.00         0
     7   >N1;gi|514713115|ref  2205 PREDICTED: Anas platyrhynchos aldehyde dehydrogenase 1 famil         0      0.00         0
     8   >N1;gi|527255368|ref  2261 PREDICTED: Melopsittacus undulatus aldehyde dehydrogenase 1          0      0.00         0
     9   >N1;gi|527255368|ref   219 PREDICTED: Melopsittacus undulatus aldehyde dehydrogenase 1          0      0.00         0
    10   >N1;gi|529421624|ref  2121 PREDICTED: Falco peregrinus aldehyde dehydrogenase 1 family,         0      0.00         0
    11   >N1;gi|529421624|ref  1014 PREDICTED: Falco peregrinus aldehyde dehydrogenase 1 family,         0      0.00         0
    12   >N1;gi|541959605|ref  2121 PREDICTED: Falco cherrug aldehyde dehydrogenase 1 family, me         0      0.00         0
    13   >N1;gi|541959605|ref  1016 PREDICTED: Falco cherrug aldehyde dehydrogenase 1 family, me         0      0.00         0
    14   >N1;gi|543740632|ref  2300 PREDICTED: Columba livia aldehyde dehydrogenase 1 family, me         0      0.00         0
    15   >N1;gi|543740632|ref   220 PREDICTED: Columba livia aldehyde dehydrogenase 1 family, me         0      0.00         0
    16   >N1;gi|542158262|ref  2103 PREDICTED: Zonotrichia albicollis aldehyde dehydrogenase 1 f         0      0.00         0
    17   >N1;gi|543256389|ref  2166 PREDICTED: Geospiza fortis aldehyde dehydrogenase 1 family,          0      0.00         0
    18   >N1;gi|525008829|ref  2105 PREDICTED: Ficedula albicollis aldehyde dehydrogenase 1 fami         0      0.00         0
    19   >N1;gi|543353810|ref  1893 PREDICTED: Pseudopodoces humilis aldehyde dehydrogenase 1 fa         0      0.00         0
     I    J ILEN JLEN     MATCH  NGAPS  NALIG NIDENT    %IDENT       NAS     NASAL  NRANS     RMEAN     STDEV     SCORE
     1    2 3550   42    531.00      0     42     42    100.00   1264.29   1264.29    100    489.96      2.38     17.26      1
     1    3 3550   42    531.00      0     42     42    100.00   1264.29   1264.29    100    489.94      2.68     15.33      2
     1    4 3550 2301  28445.00     29   2285   2090     91.47   1244.86   1234.70    100  24430.44     45.03     89.16      3
     1    5 3550  994  11351.00     67    980    765     78.06   1158.27   1103.57    100  11144.86     22.28      9.25      4
     1    6 3550 1819  23245.00      2   1818   1786     98.24   1278.60   1277.72    100  19769.74     31.51    110.29      5
     1    7 3550 2205  27209.00     30   2194   2004     91.34   1240.15   1229.22    100  23489.36     47.70     77.98      6
     1    8 3550 2261  27899.00     36   2253   2034     90.28   1238.30   1225.52    100  24108.17     42.67     88.85      7
     1    9 3550  219   2400.00     17    219    168     76.71   1095.89   1033.79    100   2383.51      5.85      2.82      8
     1   10 3550 2121  26255.00     29   2114   1937     91.63   1241.96   1230.98    100  22746.94     44.56     78.72      9
     1   11 3550 1014  11671.00     97   1008    747     74.11   1157.84   1080.85    100  11413.72     22.05     11.67     10
     1   12 3550 2121  26259.00     29   2114   1938     91.67   1242.15   1231.17    100  22752.07     41.69     84.13     11
     1   13 3550 1016  11692.00     95   1012    739     73.02   1155.34   1080.24    100  11435.41     19.56     13.12     12
     1   14 3550 2300  28256.00     36   2287   2060     90.07   1235.51   1222.91    100  24471.42     46.83     80.82     13
     1   15 3550  220   2439.00     12    219    178     81.28   1113.70   1069.86    100   2402.53      5.63      6.48     14
     1   16 3550 2103  26065.00     21   2097   1909     91.03   1242.97   1234.95    100  22586.10     40.68     85.52     15
     1   17 3550 2166  26774.00     33   2158   1956     90.64   1240.69   1228.45    100  23224.15     41.19     86.19     16
     1   18 3550 2105  26078.00     21   2098   1908     90.94   1242.99   1234.99    100  22627.37     43.15     79.97     17
     1   19 3550 1893  23630.00     13   1892   1748     92.39   1248.94   1243.45    100  20550.23     35.81     86.00     18
     2    3   42   42    531.00      0     42     42    100.00   1264.29   1264.29    100    391.31     14.56      9.59     19
     2    4   42 2301    489.00      3     42     34     80.95   1164.29   1107.14    100    487.47      2.45      0.63     20
     2    5   42  994    497.00      0     41     37     90.24   1212.20   1212.20    100    482.70      3.50      4.08     21
     2    6   42 1819    488.00      4     42     33     78.57   1161.90   1085.71    100    486.19      2.65      0.68     22
     2    7   42 2205    490.00      3     42     33     78.57   1166.67   1109.52    100    488.01      3.02      0.66     23
     2    8   42 2261    488.00      3     42     34     80.95   1161.90   1104.76    100    487.56      2.75      0.16     24
     2    9   42  219    495.00      3     42     37     88.10   1178.57   1121.43    100    463.52      5.20      6.06     25
     2   10   42 2121    488.00      3     42     32     76.19   1161.90   1104.76    100    487.10      3.12      0.29     26
     2   11   42 1014    486.00      3     42     30     71.43   1157.14   1100.00    100    482.31      3.22      1.15     27
     2   12   42 2121    488.00      3     42     32     76.19   1161.90   1104.76    100    486.58      2.70      0.53     28
     2   13   42 1016    486.00      3     42     30     71.43   1157.14   1100.00    100    482.10      3.18      1.23     29
     2   14   42 2300    488.00      3     42     34     80.95   1161.90   1104.76    100    487.67      2.64      0.12     30
     2   15   42  220    496.00      1     42     38     90.48   1180.95   1161.90    100    464.28      5.48      5.79     31
     2   16   42 2103    488.00      3     42     32     76.19   1161.90   1104.76    100    487.45      2.87      0.19     32
     2   17   42 2166    488.00      3     42     32     76.19   1161.90   1104.76    100    487.90      2.76      0.04     33
     2   18   42 2105    488.00      3     42     34     80.95   1161.90   1104.76    100    487.15      2.87      0.30     34
     2   19   42 1893    489.00      4     42     36     85.71   1164.29   1088.10    100    487.22      2.76      0.64     35
     3    4   42 2301    489.00      3     42     34     80.95   1164.29   1107.14    100    487.70      2.59      0.50     36
     3    5   42  994    497.00      0     41     37     90.24   1212.20   1212.20    100    481.87      3.09      4.89     37
     3    6   42 1819    488.00      4     42     33     78.57   1161.90   1085.71    100    485.90      2.42      0.87     38
     3    7   42 2205    490.00      3     42     33     78.57   1166.67   1109.52    100    487.07      2.51      1.17     39
     3    8   42 2261    488.00      3     42     34     80.95   1161.90   1104.76    100    487.05      2.37      0.40     40
     3    9   42  219    495.00      3     42     37     88.10   1178.57   1121.43    100    463.67      5.55      5.65     41
     3   10   42 2121    488.00      3     42     32     76.19   1161.90   1104.76    100    487.26      2.78      0.27     42
     3   11   42 1014    486.00      3     42     30     71.43   1157.14   1100.00    100    482.18      3.28      1.17     43
     3   12   42 2121    488.00      3     42     32     76.19   1161.90   1104.76    100    487.43      2.61      0.22     44
     3   13   42 1016    486.00      3     42     30     71.43   1157.14   1100.00    100    482.45      3.38      1.05     45
     3   14   42 2300    488.00      3     42     34     80.95   1161.90   1104.76    100    487.52      2.61      0.18     46
     3   15   42  220    496.00      1     42     38     90.48   1180.95   1161.90    100    463.47      6.01      5.41     47
     3   16   42 2103    488.00      3     42     32     76.19   1161.90   1104.76    100    487.19      3.65      0.22     48
     3   17   42 2166    488.00      3     42     32     76.19   1161.90   1104.76    100    487.19      3.04      0.27     49
     3   18   42 2105    488.00      3     42     34     80.95   1161.90   1104.76    100    487.49      2.49      0.20     50
     3   19   42 1893    489.00      4     42     36     85.71   1164.29   1088.10    100    486.54      2.81      0.88     51
     4    5 2301  994  10938.00    115    994    605     60.87   1100.40   1007.85    100  10917.53     22.74      0.90     52
     4    6 2301 1819  22867.00      5   1816   1732     95.37   1259.20   1256.99    100  18744.01     46.38     88.89     53
     4    7 2301 2205  28054.00      1   2204   2168     98.37   1272.87   1272.50    100  21497.15     60.34    108.67     54
     4    8 2301 2261  27986.00      8   2250   2091     92.93   1243.82   1240.98    100  21851.52     65.28     93.97     55
     4    9 2301  219   2376.00     17    219    155     70.78   1084.93   1022.83    100   2366.91      6.02      1.51     56
     4   10 2301 2121  26507.00      6   2115   1997     94.42   1253.29   1251.02    100  21027.65     61.02     89.79     57
     4   11 2301 1014  11177.00    114   1014    646     63.71   1102.27   1012.33    100  11165.03     27.48      0.44     58
     4   12 2301 2121  26506.00      6   2115   1996     94.37   1253.24   1250.97    100  21030.30     64.96     84.29     59
     4   13 2301 1016  11197.00    115   1016    647     63.68   1102.07   1011.52    100  11188.05     24.70      0.36     60
     4   14 2301 2300  28482.00     13   2289   2139     93.45   1244.30   1239.76    100  22040.38     63.68    101.16     61
     4   15 2301  220   2396.00     18    220    151     68.64   1089.09   1023.64    100   2388.40      6.23      1.22     62
     4   16 2301 2103  26243.00     12   2100   1955     93.10   1249.67   1245.10    100  20909.92     60.68     87.89     63
     4   17 2301 2166  26896.00      7   2158   2010     93.14   1246.34   1243.74    100  21324.34     55.33    100.69     64
     4   18 2301 2105  26270.00     10   2102   1951     92.82   1249.76   1245.96    100  20927.45     57.53     92.86     65
     4   19 2301 1893  23766.00      3   1890   1786     94.50   1257.46   1256.19    100  19381.81     51.46     85.20     66
     5    6  994 1819  10793.00     99    994    580     58.35   1085.81   1006.14    100  10742.69     28.77      1.75     67
     5    7  994 2205  10901.00    103    994    591     59.46   1096.68   1013.78    100  10885.14     21.57      0.74     68
     5    8  994 2261  10924.00    110    994    609     61.27   1098.99   1010.46    100  10917.56     25.93      0.25     69
     5    9  994  219   2324.00     19    219    142     64.84   1061.19    991.78    100   2333.23      9.61     -0.96     70
     5   10  994 2121  10891.00    104    994    587     59.05   1095.67   1011.97    100  10874.18     23.41      0.72     71
     5   11  994 1014  11633.00     20    970    845     87.11   1199.28   1182.78    100   9633.58     38.73     51.63     72
     5   12  994 2121  10890.00    104    994    587     59.05   1095.57   1011.87    100  10866.99     30.00      0.77     73
     5   13  994 1016  11670.00     19    972    846     87.04   1200.62   1184.98    100   9658.17     56.07     35.88     74
     5   14  994 2300  10946.00    102    994    606     60.97   1101.21   1019.11    100  10925.43     25.53      0.81     75
     5   15  994  220   2350.00     19    220    140     63.64   1068.18    999.09    100   2352.17      7.88     -0.28     76
     5   16  994 2103  10905.00    111    993    593     59.72   1098.19   1008.76    100  10869.82     25.73      1.37     77
     5   17  994 2166  10907.00    107    994    596     59.96   1097.28   1011.17    100  10890.05     21.81      0.78     78
     5   18  994 2105  10916.00    104    994    589     59.26   1098.19   1014.49    100  10873.47     25.53      1.67     79
     5   19  994 1893  10847.00    107    992    584     58.87   1093.45   1007.16    100  10792.44     28.04      1.95     80
     6    7 1819 2205  22849.00      5   1816   1729     95.21   1258.20   1256.00    100  18568.59     44.56     96.05     81
     6    8 1819 2261  22829.00      6   1819   1713     94.17   1255.03   1252.39    100  18695.77     50.65     81.61     82
