1----------------------------------------------------------------------------------------------------------------------------------
 ------------------------------                          M U L T A L I G N                          -------------------------------
 ----------------------------------------------------------------------------------------------------------------------------------
 ------------------------------                                 by                                  -------------------------------
 ------------------------------          Geoffrey J. Barton - geoff@compbio.dundee.ac.uk            -------------------------------
 ------------------------------                   http://www.compbio.dundee.ac.uk                   -------------------------------
 ----------------------------------------------------------------------------------------------------------------------------------
 ------------------------------                            Please cite:                             -------------------------------
 ------------------------------      Barton, G. J. (1990) Methods in Enzymology 183, 403-428.       -------------------------------
 ------------------------------                      and also as appropriate:                       -------------------------------
 ----------       Multiple alignment: Barton, G. J. and Sternberg, M. J. E. (1987), J. Mol. Biol., 198, 327-337.        -----------
 ----------        Flexible Patterns: Barton, G. J. and Sternberg, M. J. E. (1990), J. Mol. Biol., 212, 389-402.        -----------
 ----------   Structure Dependent Gap-Penalties: Barton, G. J. and Sternberg, M. J. E. (1987), Prot. Eng., 1, 89-94.    -----------
 ----------------------------------------------------------------------------------------------------------------------------------
 !!!!!!!!!!!!!!!!!!!!                       Copyright (c) Geoffrey J Barton (1987,1997)                       !!!!!!!!!!!!!!!!!!!!!
 ----------------------------------------------------------------------------------------------------------------------------------
 Multalign Version D2.3a - November 2003
 Maximum allowed sequence length =  5000
 Maximum pattern length          =  5000
 Maximum number of sequences     =  5000
 Horizontal format output selected
 ---------------------------------
 ----------------
 matrix file read
 Mutation Data Matrix (250 PAMs)                                                 
 -------------------------------
 Pairwise randomizations defined
 Min:  100 Max:  100 Increment:    1
 Gap penalty :     8.00
 ----------------------
 Constant :    8
 ---------------
 Sequence file : HOXB7.pir
 -------------------------

 Will write alignments to file HOXB7_alignment.fasta
 ---------------------------------------------------
  
 PAIRWISE mode has been defined
  
 Checking minimal command set
 ----------------------------
 --------------------------------------------
 No checking currently performed in this mode
 --------------------------------------------
 Commands satisfy this mode..
 ----------------------------
 ------------------------------
 Sequences defined in SEQ file:
 ------------------------------
 Index   Identifier   Length                            Name                            File order     Score     with
     1   >N1;gi|513225978|ref  1703 PREDICTED: Gallus gallus homeobox B7 (HOXB7), mRNA                   0      0.00         0
     2   >N1;gi|514773868|ref  1687 PREDICTED: Anas platyrhynchos homeobox B7 (HOXB7), transcrip         0      0.00         0
     3   >N1;gi|543734572|ref  1267 PREDICTED: Columba livia homeobox B7 (HOXB7), mRNA                   0      0.00         0
     4   >N1;gi|529433659|ref  1078 PREDICTED: Falco peregrinus homeobox B7 (HOXB7), mRNA                0      0.00         0
     5   >N1;gi|558150298|ref  1457 PREDICTED: Pelodiscus sinensis homeobox B7 (HOXB7), mRNA             0      0.00         0
     6   >N1;gi|564242345|ref   990 PREDICTED: Alligator mississippiensis homeobox protein Hox-B         0      0.00         0
     7   >N1;gi|557280719|ref   990 PREDICTED: Alligator sinensis homeobox protein Hox-B7-A-like         0      0.00         0
     8   >N1;gi|525028538|ref   828 PREDICTED: Ficedula albicollis homeobox B7 (HOXB7), mRNA             0      0.00         0
     9   >N1;gi|543380750|ref   703 PREDICTED: Pseudopodoces humilis homeobox B7 (HOXB7), mRNA           0      0.00         0
    10   >N1;gi|224086907|ref   700 PREDICTED: Taeniopygia guttata homeobox B7, transcript varia         0      0.00         0
    11   >N1;gi|591374603|ref   703 PREDICTED: Chelonia mydas homeobox B7 (HOXB7), mRNA                  0      0.00         0
     I    J ILEN JLEN     MATCH  NGAPS  NALIG NIDENT    %IDENT       NAS     NASAL  NRANS     RMEAN     STDEV     SCORE
     1    2 1703 1687  21384.00     12   1675   1558     93.01   1276.66   1270.93    100  16539.23     56.07     86.40      1
     1    3 1703 1267  16110.00     18   1265   1154     91.23   1273.52   1262.13    100  13599.08     42.67     58.85      2
     1    4 1703 1078  13937.00      8   1076   1007     93.59   1295.26   1289.31    100  11897.05     37.09     55.00      3
     1    5 1703 1457  17233.00     37   1443   1164     80.67   1194.25   1173.74    100  15017.59     46.16     47.99      4
     1    6 1703  990  12376.00      6    975    854     87.59   1269.33   1264.41    100  11032.55     34.04     39.47      5
     1    7 1703  990  12376.00      6    975    854     87.59   1269.33   1264.41    100  11039.52     33.11     40.36      6
     1    8 1703  828  10923.00      6    819    738     90.11   1333.70   1327.84    100   9707.33     30.68     39.62      7
     1    9 1703  703   9469.00      4    703    646     91.89   1346.94   1342.39    100   8356.41     23.85     46.65      8
     1   10 1703  700   9330.00      4    700    623     89.00   1332.86   1328.29    100   8337.37     28.86     34.40      9
     1   11 1703  703   8906.00      5    702    604     86.04   1268.66   1262.96    100   8073.29     19.83     42.00     10
     2    3 1687 1267  16111.00     13   1266   1156     91.31   1272.59   1264.38    100  13556.76     51.46     49.64     11
     2    4 1687 1078  13957.00      6   1076   1012     94.05   1297.12   1292.66    100  11855.29     43.03     48.84     12
     2    5 1687 1457  17310.00     42   1444   1187     82.20   1198.75   1175.48    100  14947.39     44.33     53.29     13
     2    6 1687  990  12443.00      5    974    868     89.12   1277.52   1273.41    100  11007.62     31.18     46.03     14
     2    7 1687  990  12443.00      5    974    868     89.12   1277.52   1273.41    100  11004.22     30.85     46.64     15
     2    8 1687  828  10869.00      5    819    734     89.62   1327.11   1322.22    100   9673.98     29.30     40.79     16
     2    9 1687  703   9400.00      9    703    637     90.61   1337.13   1326.88    100   8332.10     25.22     42.34     17
     2   10 1687  700   9258.00      3    700    617     88.14   1322.57   1319.14    100   8304.14     24.49     38.94     18
     2   11 1687  703   8964.00      8    702    611     87.04   1276.92   1267.81    100   8055.39     24.07     37.75     19
     3    4 1267 1078  14063.00      3   1076   1022     94.98   1306.97   1304.74    100  11278.11     49.82     55.89     20
     3    5 1267 1457  14938.00     19   1246   1022     82.02   1198.88   1186.68    100  13044.99     51.26     36.93     21
     3    6 1267  990  10462.00     74    983    480     48.83   1064.29   1004.07    100  10579.24     42.06     -2.79     22
     3    7 1267  990  10464.00     71    984    478     48.58   1063.41   1005.69    100  10576.63     35.52     -3.17     23
     3    8 1267  828   9935.00      5    746    677     90.75   1331.77   1326.41    100   9390.99     35.96     15.13     24
     3    9 1267  703   9508.00      6    703    653     92.89   1352.49   1345.66    100   8159.47     32.88     41.02     25
     3   10 1267  700   9413.00      4    700    637     91.00   1344.71   1340.14    100   8133.82     31.68     40.38     26
     3   11 1267  703   8909.00      4    702    594     84.62   1269.09   1264.53    100   7911.79     28.40     35.11     27
     4    5 1078 1457  12968.00     16   1059    895     84.51   1224.55   1212.46    100  11537.30     41.31     34.63     28
     4    6 1078  990  10007.00     53    964    442     45.85   1038.07    994.09    100  10138.93     42.79     -3.08     29
     4    7 1078  990  10015.00     53    966    443     45.86   1036.75    992.86    100  10133.79     46.27     -2.57     30
     4    8 1078  828   9435.00      4    706    638     90.37   1336.40   1331.87    100   9121.78     46.44      6.74     31
     4    9 1078  703   9567.00      1    703    652     92.75   1360.88   1359.74    100   7986.73     34.94     45.23     32
     4   10 1078  700   9382.00      1    700    625     89.29   1340.29   1339.14    100   7965.00     32.32     43.84     33
     4   11 1078  703   9024.00      2    702    611     87.04   1285.47   1283.19    100   7770.30     34.49     36.35     34
     5    6 1457  990  12025.00      3    940    843     89.68   1279.26   1276.70    100  10757.07     35.38     35.84     35
     5    7 1457  990  12013.00      4    940    840     89.36   1277.98   1274.57    100  10760.78     38.73     32.33     36
     5    8 1457  828  10286.00     18    818    681     83.25   1257.46   1239.85    100   9464.21     37.92     21.67     37
     5    9 1457  703   8989.00     10    702    599     85.33   1280.48   1269.09    100   8188.31     29.39     27.25     38
     5   10 1457  700   8885.00     10    699    576     82.40   1271.10   1259.66    100   8163.41     28.31     25.49     39
     5   11 1457  703   9057.00      0    703    634     90.18   1288.34   1288.34    100   7955.88     23.52     46.81     40
     6    7  990  990  13333.00      0    990    988     99.80   1346.77   1346.77    100   9772.33     51.05     69.74     41
     6    8  990  828  10363.00      7    818    691     84.47   1266.87   1260.02    100   8922.53     49.14     29.31     42
     6    9  990  703   9028.00      0    703    602     85.63   1284.21   1284.21    100   7867.93     36.24     32.01     43
     6   10  990  700   8930.00      0    700    584     83.43   1275.71   1275.71    100   7846.58     36.60     29.60     44
     6   11  990  703   9079.00      0    703    635     90.33   1291.47   1291.47    100   7669.41     31.51     44.73     45
     7    8  990  828  10349.00      7    818    690     84.35   1265.16   1258.31    100   8924.14     50.75     28.08     46
     7    9  990  703   9014.00      0    703    601     85.49   1282.22   1282.22    100   7872.77     35.16     32.46     47
     7   10  990  700   8916.00      0    700    583     83.29   1273.71   1273.71    100   7848.27     42.61     25.06     48
     7   11  990  703   9065.00      0    703    634     90.18   1289.47   1289.47    100   7669.57     35.74     39.04     49
     8    9  828  703   9653.00      1    703    656     93.31   1373.12   1371.98    100   7751.93     44.68     42.55     50
     8   10  828  700   9599.00      1    700    651     93.00   1371.29   1370.14    100   7746.47     37.99     48.77     51
     8   11  828  703   8791.00      3    702    574     81.77   1252.28   1248.86    100   7519.80     44.85     28.34     52
     9   10  703  700   9642.00      0    700    652     93.14   1377.43   1377.43    100   7260.45     47.16     50.50     53
     9   11  703  703   8956.00      2    702    593     84.47   1275.78   1273.50    100   7065.59     43.68     43.27     54
    10   11  700  703   8807.00      2    699    568     81.26   1259.94   1257.65    100   7064.47     37.09     46.98     55
 Times: TOTAL:    138.165 USER :    136.523 SYSTEM:     1.642
